<?xml version="1.0" encoding="UTF-8"?>
<!-- Generated by org.testng.reporters.JUnitXMLReporter -->
<testsuite ignored="0" hostname="LAPTOP-38D869DN" failures="1" tests="2" name="test" time="25.353" errors="0" timestamp="2023-02-15T15:45:08 EST">
  <testcase classname="testproj.testcases.TC002_LoginDataDriven" name="loginDDT" time="9.254"/>
  <testcase classname="testproj.testcases.TC002_LoginDataDriven" name="loginDDT" time="4.959">
    <failure type="java.lang.AssertionError" message="expected [true] but found [false]">
      <![CDATA[java.lang.AssertionError: expected [true] but found [false]
at testproj.testcases.TC002_LoginDataDriven.loginDDT(TC002_LoginDataDriven.java:36)
at java.base/java.util.ArrayList.forEach(ArrayList.java:1511)
... Removed 29 stack frames]]>
    </failure>
  </testcase> <!-- loginDDT -->
</testsuite> <!-- test -->
