<?xml version="1.0" encoding="UTF-8"?>
<testng-results ignored="0" total="1" passed="1" failed="0" skipped="0">
  <reporter-output>
  </reporter-output>
  <suite started-at="2023-02-15T14:53:41 EST" name="TestProj" finished-at="2023-02-15T14:53:51 EST" duration-ms="9836">
    <groups>
    </groups>
    <test started-at="2023-02-15T14:53:41 EST" name="test" finished-at="2023-02-15T14:53:51 EST" duration-ms="9836">
      <class name="testproj.testcases.TC001_LoginTest">
        <test-method is-config="true" signature="setup(java.lang.String)[pri:0, instance:testproj.testcases.TC001_LoginTest@51399530]" started-at="2023-02-15T14:53:42 EST" name="setup" finished-at="2023-02-15T14:53:49 EST" duration-ms="7137" status="PASS">
          <params>
            <param index="0">
              <value>
                <![CDATA[chrome]]>
              </value>
            </param>
          </params>
          <reporter-output>
          </reporter-output>
        </test-method> <!-- setup -->
        <test-method signature="loginTest()[pri:0, instance:testproj.testcases.TC001_LoginTest@51399530]" started-at="2023-02-15T14:53:49 EST" name="loginTest" finished-at="2023-02-15T14:53:51 EST" duration-ms="1723" status="PASS">
          <reporter-output>
          </reporter-output>
        </test-method> <!-- loginTest -->
        <test-method is-config="true" signature="tearDown()[pri:0, instance:testproj.testcases.TC001_LoginTest@51399530]" started-at="2023-02-15T14:53:51 EST" name="tearDown" finished-at="2023-02-15T14:53:51 EST" duration-ms="367" status="PASS">
          <reporter-output>
          </reporter-output>
        </test-method> <!-- tearDown -->
      </class> <!-- testproj.testcases.TC001_LoginTest -->
    </test> <!-- test -->
  </suite> <!-- TestProj -->
</testng-results>
